> Task :app:preBuild UP-TO-DATE
> Task :app:preDebugBuild UP-TO-DATE
> Task :app:mergeDebugNativeDebugMetadata NO-SOURCE
> Task :app:checkKotlinGradlePluginConfigurationErrors
> Task :app:dataBindingMergeDependencyArtifactsDebug UP-TO-DATE
> Task :app:generateDebugResValues UP-TO-DATE
> Task :app:generateDebugResources UP-TO-DATE
> Task :app:mergeDebugResources UP-TO-DATE
> Task :app:packageDebugResources UP-TO-DATE
> Task :app:parseDebugLocalResources UP-TO-DATE
> Task :app:dataBindingGenBaseClassesDebug UP-TO-DATE
> Task :app:checkDebugAarMetadata UP-TO-DATE
> Task :app:mapDebugSourceSetPaths UP-TO-DATE
> Task :app:createDebugCompatibleScreenManifests UP-TO-DATE
> Task :app:extractDeepLinksDebug UP-TO-DATE
> Task :app:processDebugMainManifest UP-TO-DATE
> Task :app:processDebugManifest UP-TO-DATE
> Task :app:processDebugManifestForPackage UP-TO-DATE
> Task :app:processDebugResources UP-TO-DATE
> Task :app:kaptGenerateStubsDebugKotlin UP-TO-DATE
> Task :app:kaptDebugKotlin UP-TO-DATE
> Task :app:javaPreCompileDebug UP-TO-DATE
> Task :app:mergeDebugShaders UP-TO-DATE
> Task :app:compileDebugShaders NO-SOURCE
> Task :app:generateDebugAssets UP-TO-DATE
> Task :app:mergeDebugAssets UP-TO-DATE
> Task :app:compressDebugAssets UP-TO-DATE
> Task :app:desugarDebugFileDependencies UP-TO-DATE
> Task :app:checkDebugDuplicateClasses UP-TO-DATE
> Task :app:mergeExtDexDebug UP-TO-DATE
> Task :app:mergeLibDexDebug UP-TO-DATE
> Task :app:mergeDebugJniLibFolders UP-TO-DATE
> Task :app:mergeDebugNativeLibs NO-SOURCE
> Task :app:stripDebugDebugSymbols NO-SOURCE
> Task :app:validateSigningDebug UP-TO-DATE
> Task :app:writeDebugAppMetadata UP-TO-DATE
> Task :app:writeDebugSigningConfigVersions UP-TO-DATE

> Task :app:compileDebugKotlin FAILED
./gradlew : e: file:///
C:/Users/Mustafavi/Desk
top/keeyboard/app/src/m
ain/java/com/example/ur
duenglishkeyboard/UrduE
nglishKeyboardService.k
t:291:29 Unresolved 
reference: 
CODE_EMOJI_NEXT_PAGE
At line:1 char:1
+ ./gradlew 
assembleDebug 
--console=plain > 
build_output.log 2>&1; 
Get- ...
+ ~~~~~~~~~~~~~~~~~~~~~
~~~~~~~~~~~~~~~~~~~~~~~
~~~~~~~~~~~~~~~~~~~
    + CategoryInfo     
         : NotSpecifi  
  ed: (e: file:///C:   
 /U...EMOJI_NEXT_PA    
GE:String) [], Rem    
oteException
    + FullyQualifiedEr 
   rorId : NativeComm  
  andError
 
e: file:///C:/Users/Mus
tafavi/Desktop/keeyboar
d/app/src/main/java/com
/example/urduenglishkey
board/UrduEnglishKeyboa
rdService.kt:292:48 
Unresolved reference: 
emojiLayoutPages
e: file:///C:/Users/Mus
tafavi/Desktop/keeyboar
d/app/src/main/java/com
/example/urduenglishkey
board/UrduEnglishKeyboa
rdService.kt:293:59 
Overload resolution 
ambiguity: 
public final operator 
fun rem(other: Byte): 
Int defined in 
kotlin.Int
public final operator 
fun rem(other: 
Double): Double 
defined in kotlin.Int
public final operator 
fun rem(other: Float): 
Float defined in 
kotlin.Int
public final operator 
fun rem(other: Int): 
Int defined in 
kotlin.Int
public final operator 
fun rem(other: Long): 
Long defined in 
kotlin.Int
public final operator 
fun rem(other: Short): 
Int defined in 
kotlin.Int
e: file:///C:/Users/Mus
tafavi/Desktop/keeyboar
d/app/src/main/java/com
/example/urduenglishkey
board/UrduEnglishKeyboa
rdService.kt:296:29 
Unresolved reference: 
CODE_EMOJI_PREV_PAGE
e: file:///C:/Users/Mus
tafavi/Desktop/keeyboar
d/app/src/main/java/com
/example/urduenglishkey
board/UrduEnglishKeyboa
rdService.kt:297:48 
Unresolved reference: 
emojiLayoutPages
e: file:///C:/Users/Mus
tafavi/Desktop/keeyboar
d/app/src/main/java/com
/example/urduenglishkey
board/UrduEnglishKeyboa
rdService.kt:298:58 
Overload resolution 
ambiguity: 
public final operator 
fun plus(other: Byte): 
Int defined in 
kotlin.Int
public final operator 
fun plus(other: 
Double): Double 
defined in kotlin.Int
public final operator 
fun plus(other: 
Float): Float defined 
in kotlin.Int
public final operator 
fun plus(other: Int): 
Int defined in 
kotlin.Int
public final operator 
fun plus(other: Long): 
Long defined in 
kotlin.Int
public final operator 
fun plus(other: 
Short): Int defined in 
kotlin.Int
e: file:///C:/Users/Mus
tafavi/Desktop/keeyboar
d/app/src/main/java/com
/example/urduenglishkey
board/UrduEnglishKeyboa
rdService.kt:410:44 
Unresolved reference: 
emojiLayoutPages
e: file:///C:/Users/Mus
tafavi/Desktop/keeyboar
d/app/src/main/java/com
/example/urduenglishkey
board/UrduEnglishKeyboa
rdService.kt:412:29 
Unresolved reference: 
emojiLayoutPages

FAILURE: Build failed 
with an exception.

* What went wrong:
Execution failed for 
task ':app:compileDebug
Kotlin'.
> A failure occurred 
while executing org.jet
brains.kotlin.compilerR
unner.GradleCompilerRun
nerWithWorkers$GradleKo
tlinCompilerWorkAction
   > Compilation 
error. See log for 
more details

* Try:
> Run with 
--stacktrace option to 
get the stack trace.
> Run with --info or 
--debug option to get 
more log output.
> Run with --scan to 
get full insights.
> Get more help at http
s://help.gradle.org.

BUILD FAILED in 25s
30 actionable tasks: 2 executed, 28 up-to-date
